Compiling the C compiler identification source file "CMakeCCompilerId.c" failed.
Compiler: /usr/bin/eosio-cc 
Build flags: ;-O3;
Id flags:  

The output was:
255
/usr/opt/eosio.cdt/1.6.2/bin/wasm-ld: error: cannot open /tmp/CMakeCCompilerId.c.o: No such file or directory


Compiling the CXX compiler identification source file "CMakeCXXCompilerId.cpp" failed.
Compiler: /usr/bin/eosio-cpp 
Build flags: ;-O3;
Id flags:  

The output was:
255
/usr/opt/eosio.cdt/1.6.2/bin/wasm-ld: error: duplicate symbol: main(int, char**)
>>> defined in /tmp/CMakeCXXCompilerId.cpp.o
>>> defined in /tmp/CMakeCXXCompilerId.cpp.o

/usr/opt/eosio.cdt/1.6.2/bin/wasm-ld: error: duplicate symbol: info_platform
>>> defined in /tmp/CMakeCXXCompilerId.cpp.o
>>> defined in /tmp/CMakeCXXCompilerId.cpp.o

/usr/opt/eosio.cdt/1.6.2/bin/wasm-ld: error: duplicate symbol: info_compiler
>>> defined in /tmp/CMakeCXXCompilerId.cpp.o
>>> defined in /tmp/CMakeCXXCompilerId.cpp.o

/usr/opt/eosio.cdt/1.6.2/bin/wasm-ld: error: duplicate symbol: info_language_dialect_default
>>> defined in /tmp/CMakeCXXCompilerId.cpp.o
>>> defined in /tmp/CMakeCXXCompilerId.cpp.o

/usr/opt/eosio.cdt/1.6.2/bin/wasm-ld: error: duplicate symbol: info_arch
>>> defined in /tmp/CMakeCXXCompilerId.cpp.o
>>> defined in /tmp/CMakeCXXCompilerId.cpp.o


Detecting C compiler ABI info failed to compile with the following output:
Change Dir: /workspace/zeus-ide/dapp/contracts/eos/dappservices/CMakeFiles/CMakeTmp

Run Build Command:"/usr/bin/make" "cmTC_51355/fast"
make[3]: Entering directory '/workspace/zeus-ide/dapp/contracts/eos/dappservices/CMakeFiles/CMakeTmp'
/usr/bin/make -f CMakeFiles/cmTC_51355.dir/build.make CMakeFiles/cmTC_51355.dir/build
make[4]: Entering directory '/workspace/zeus-ide/dapp/contracts/eos/dappservices/CMakeFiles/CMakeTmp'
Building C object CMakeFiles/cmTC_51355.dir/CMakeCCompilerABI.c.obj
/usr/bin/eosio-cc   -O3     -o CMakeFiles/cmTC_51355.dir/CMakeCCompilerABI.c.obj   -c /usr/local/share/cmake-3.13/Modules/CMakeCCompilerABI.c
Linking C executable cmTC_51355.wasm
/usr/local/bin/cmake -E cmake_link_script CMakeFiles/cmTC_51355.dir/link.txt --verbose=1
/usr/bin/eosio-ld  -v CMakeFiles/cmTC_51355.dir/CMakeCCompilerABI.c.obj -o cmTC_51355.wasm 
eosio-ld: Unknown command line argument '-v'.  Try: '/usr/bin/eosio-ld -help'
eosio-ld: Did you mean '-L'?
CMakeFiles/cmTC_51355.dir/build.make:86: recipe for target 'cmTC_51355.wasm' failed
make[4]: *** [cmTC_51355.wasm] Error 1
make[4]: Leaving directory '/workspace/zeus-ide/dapp/contracts/eos/dappservices/CMakeFiles/CMakeTmp'
Makefile:121: recipe for target 'cmTC_51355/fast' failed
make[3]: *** [cmTC_51355/fast] Error 2
make[3]: Leaving directory '/workspace/zeus-ide/dapp/contracts/eos/dappservices/CMakeFiles/CMakeTmp'



Detecting C [-std=c11] compiler features failed to compile with the following output:
Change Dir: /workspace/zeus-ide/dapp/contracts/eos/dappservices/CMakeFiles/CMakeTmp

Run Build Command:"/usr/bin/make" "cmTC_e5151/fast"
make[3]: Entering directory '/workspace/zeus-ide/dapp/contracts/eos/dappservices/CMakeFiles/CMakeTmp'
/usr/bin/make -f CMakeFiles/cmTC_e5151.dir/build.make CMakeFiles/cmTC_e5151.dir/build
make[4]: Entering directory '/workspace/zeus-ide/dapp/contracts/eos/dappservices/CMakeFiles/CMakeTmp'
Building C object CMakeFiles/cmTC_e5151.dir/feature_tests.c.obj
/usr/bin/eosio-cc   -O3     -std=c11 -o CMakeFiles/cmTC_e5151.dir/feature_tests.c.obj   -c /workspace/zeus-ide/dapp/contracts/eos/dappservices/CMakeFiles/feature_tests.c
eosio-cc: Unknown command line argument '-std=c11'.  Try: '/usr/bin/eosio-cc -help'
eosio-cc: Did you mean '-w=c11'?
CMakeFiles/cmTC_e5151.dir/build.make:65: recipe for target 'CMakeFiles/cmTC_e5151.dir/feature_tests.c.obj' failed
make[4]: *** [CMakeFiles/cmTC_e5151.dir/feature_tests.c.obj] Error 1
make[4]: Leaving directory '/workspace/zeus-ide/dapp/contracts/eos/dappservices/CMakeFiles/CMakeTmp'
Makefile:121: recipe for target 'cmTC_e5151/fast' failed
make[3]: *** [cmTC_e5151/fast] Error 2
make[3]: Leaving directory '/workspace/zeus-ide/dapp/contracts/eos/dappservices/CMakeFiles/CMakeTmp'



Detecting CXX compiler ABI info failed to compile with the following output:
Change Dir: /workspace/zeus-ide/dapp/contracts/eos/dappservices/CMakeFiles/CMakeTmp

Run Build Command:"/usr/bin/make" "cmTC_5cf34/fast"
make[3]: Entering directory '/workspace/zeus-ide/dapp/contracts/eos/dappservices/CMakeFiles/CMakeTmp'
/usr/bin/make -f CMakeFiles/cmTC_5cf34.dir/build.make CMakeFiles/cmTC_5cf34.dir/build
make[4]: Entering directory '/workspace/zeus-ide/dapp/contracts/eos/dappservices/CMakeFiles/CMakeTmp'
Building CXX object CMakeFiles/cmTC_5cf34.dir/CMakeCXXCompilerABI.cpp.obj
/usr/bin/eosio-cpp    -O3     -o CMakeFiles/cmTC_5cf34.dir/CMakeCXXCompilerABI.cpp.obj -c /usr/local/share/cmake-3.13/Modules/CMakeCXXCompilerABI.cpp
Linking CXX executable cmTC_5cf34.wasm
/usr/local/bin/cmake -E cmake_link_script CMakeFiles/cmTC_5cf34.dir/link.txt --verbose=1
/usr/bin/eosio-ld  -v CMakeFiles/cmTC_5cf34.dir/CMakeCXXCompilerABI.cpp.obj -o cmTC_5cf34.wasm 
eosio-ld: Unknown command line argument '-v'.  Try: '/usr/bin/eosio-ld -help'
eosio-ld: Did you mean '-L'?
CMakeFiles/cmTC_5cf34.dir/build.make:86: recipe for target 'cmTC_5cf34.wasm' failed
make[4]: *** [cmTC_5cf34.wasm] Error 1
make[4]: Leaving directory '/workspace/zeus-ide/dapp/contracts/eos/dappservices/CMakeFiles/CMakeTmp'
Makefile:121: recipe for target 'cmTC_5cf34/fast' failed
make[3]: *** [cmTC_5cf34/fast] Error 2
make[3]: Leaving directory '/workspace/zeus-ide/dapp/contracts/eos/dappservices/CMakeFiles/CMakeTmp'



Detecting CXX [-std=c++2a] compiler features failed to compile with the following output:
Change Dir: /workspace/zeus-ide/dapp/contracts/eos/dappservices/CMakeFiles/CMakeTmp

Run Build Command:"/usr/bin/make" "cmTC_dd05f/fast"
make[3]: Entering directory '/workspace/zeus-ide/dapp/contracts/eos/dappservices/CMakeFiles/CMakeTmp'
/usr/bin/make -f CMakeFiles/cmTC_dd05f.dir/build.make CMakeFiles/cmTC_dd05f.dir/build
make[4]: Entering directory '/workspace/zeus-ide/dapp/contracts/eos/dappservices/CMakeFiles/CMakeTmp'
Building CXX object CMakeFiles/cmTC_dd05f.dir/feature_tests.cxx.obj
/usr/bin/eosio-cpp    -O3     -std=c++2a -o CMakeFiles/cmTC_dd05f.dir/feature_tests.cxx.obj -c /workspace/zeus-ide/dapp/contracts/eos/dappservices/CMakeFiles/feature_tests.cxx
Linking CXX executable cmTC_dd05f.wasm
/usr/local/bin/cmake -E cmake_link_script CMakeFiles/cmTC_dd05f.dir/link.txt --verbose=1
/usr/bin/eosio-ld   CMakeFiles/cmTC_dd05f.dir/feature_tests.cxx.obj -o cmTC_dd05f.wasm 
/usr/opt/eosio.cdt/1.6.2/bin/wasm-ld: error: fatal failure: contract with no actions and trying to create dispatcher
CMakeFiles/cmTC_dd05f.dir/build.make:86: recipe for target 'cmTC_dd05f.wasm' failed
make[4]: *** [cmTC_dd05f.wasm] Error 255
make[4]: Leaving directory '/workspace/zeus-ide/dapp/contracts/eos/dappservices/CMakeFiles/CMakeTmp'
Makefile:121: recipe for target 'cmTC_dd05f/fast' failed
make[3]: *** [cmTC_dd05f/fast] Error 2
make[3]: Leaving directory '/workspace/zeus-ide/dapp/contracts/eos/dappservices/CMakeFiles/CMakeTmp'



